<?xml version="1.0" encoding="UTF-8"?>
<!-- Generated by org.testng.reporters.JUnitReportReporter -->
<testsuite hostname="AnbuPC" failures="0" tests="21" name="Runner.UserRunner" time="11.405" errors="0" timestamp="2024-10-18T18:24:48 EDT" skipped="0">
  <testcase classname="Runner.UserRunner" name="runScenario" time="1.069"/>
  <testcase classname="Runner.UserRunner" name="runScenario" time="0.350"/>
  <testcase classname="Runner.UserRunner" name="runScenario" time="1.434"/>
  <testcase classname="Runner.UserRunner" name="runScenario" time="0.295"/>
  <testcase classname="Runner.UserRunner" name="runScenario" time="0.328"/>
  <testcase classname="Runner.UserRunner" name="runScenario" time="0.316"/>
  <testcase classname="Runner.UserRunner" name="runScenario" time="0.352"/>
  <testcase classname="Runner.UserRunner" name="runScenario" time="0.286"/>
  <testcase classname="Runner.UserRunner" name="runScenario" time="0.309"/>
  <testcase classname="Runner.UserRunner" name="runScenario" time="0.270"/>
  <testcase classname="Runner.UserRunner" name="runScenario" time="3.059"/>
  <testcase classname="Runner.UserRunner" name="runScenario" time="0.433"/>
  <testcase classname="Runner.UserRunner" name="runScenario" time="0.270"/>
  <testcase classname="Runner.UserRunner" name="runScenario" time="0.328"/>
  <testcase classname="Runner.UserRunner" name="runScenario" time="0.403"/>
  <testcase classname="Runner.UserRunner" name="runScenario" time="0.347"/>
  <testcase classname="Runner.UserRunner" name="runScenario" time="0.352"/>
  <testcase classname="Runner.UserRunner" name="runScenario" time="0.325"/>
  <testcase classname="Runner.UserRunner" name="runScenario" time="0.285"/>
  <testcase classname="Runner.UserRunner" name="runScenario" time="0.282"/>
  <testcase classname="Runner.UserRunner" name="runScenario" time="0.312"/>
</testsuite> <!-- Runner.UserRunner -->
